This is XeTeX, Version 3.14159265-2.6-0.999992 (TeX Live 2020) (preloaded format=xelatex 2020.6.18)  5 OCT 2020 17:42
entering extended mode
 restricted \write18 enabled.
 file:line:error style messages enabled.
 %&-line parsing enabled.
**/Users/peiyi-chen/thesis/Chapters/Chapter2
(/Users/peiyi-chen/thesis/Chapters/Chapter2.tex
LaTeX2e <2020-02-02> patch level 5
L3 programming layer <2020-03-06> (/usr/local/texlive/2020/texmf-dist/tex/latex/l3backend/l3backend-xdvipdfmx.def
File: l3backend-xdvipdfmx.def 2020-03-12 L3 backend support: xdvipdfmx
\g__graphics_track_int=\count163
\l__pdf_internal_box=\box45
\g__pdf_backend_object_int=\count164
\g__pdf_backend_annotation_int=\count165
)
No file Chapter2.aux.
\openout1 = `Chapter2.aux'.

LaTeX Font Info:    Checking defaults for OML/cmm/m/it on input line 1.
LaTeX Font Info:    ... okay on input line 1.
LaTeX Font Info:    Checking defaults for OMS/cmsy/m/n on input line 1.
LaTeX Font Info:    ... okay on input line 1.
LaTeX Font Info:    Checking defaults for OT1/cmr/m/n on input line 1.
LaTeX Font Info:    ... okay on input line 1.
LaTeX Font Info:    Checking defaults for T1/cmr/m/n on input line 1.
LaTeX Font Info:    ... okay on input line 1.
LaTeX Font Info:    Checking defaults for TS1/cmr/m/n on input line 1.
LaTeX Font Info:    Trying to load font information for TS1+cmr on input line 1.
(/usr/local/texlive/2020/texmf-dist/tex/latex/base/ts1cmr.fd
File: ts1cmr.fd 2019/12/16 v2.5j Standard LaTeX font definitions
)
LaTeX Font Info:    ... okay on input line 1.
LaTeX Font Info:    Checking defaults for TU/lmr/m/n on input line 1.
LaTeX Font Info:    ... okay on input line 1.
LaTeX Font Info:    Checking defaults for OMX/cmex/m/n on input line 1.
LaTeX Font Info:    ... okay on input line 1.
LaTeX Font Info:    Checking defaults for U/cmr/m/n on input line 1.
LaTeX Font Info:    ... okay on input line 1.


/Users/peiyi-chen/thesis/Chapters/Chapter2.tex:1: LaTeX Error: The font size command \normalsize is not defined:
               there is probably something wrong with the class file.

See the LaTeX manual or LaTeX Companion for explanation.
Type  H <return>  for immediate help.
 ...                                              
                                                  
l.1 \begin{document}
                    
Your command was ignored.
Type  I <command> <return>  to replace it with another command,
or  <return>  to continue without it.

/Users/peiyi-chen/thesis/Chapters/Chapter2.tex:3: Undefined control sequence.
l.3 \chapter
            {Related works}
The control sequence at the end of the top line
of your error message was never \def'ed. If you have
misspelled it (e.g., `\hobx'), type `I' and the correct
spelling (e.g., `I\hbox'). Otherwise just continue,
and I'll forget about whatever was undefined.

/Users/peiyi-chen/thesis/Chapters/Chapter2.tex:6: Undefined control sequence.
l.6 \section
            {lexical semantic change}
The control sequence at the end of the top line
of your error message was never \def'ed. If you have
misspelled it (e.g., `\hobx'), type `I' and the correct
spelling (e.g., `I\hbox'). Otherwise just continue,
and I'll forget about whatever was undefined.

/Users/peiyi-chen/thesis/Chapters/Chapter2.tex:7: Undefined control sequence.
l.7 ...istically and socially motivated \parencite
                                                  {kutuzov2017tracing,kutuzo...
The control sequence at the end of the top line
of your error message was never \def'ed. If you have
misspelled it (e.g., `\hobx'), type `I' and the correct
spelling (e.g., `I\hbox'). Otherwise just continue,
and I'll forget about whatever was undefined.

/Users/peiyi-chen/thesis/Chapters/Chapter2.tex:7: Undefined control sequence.
l.7 ...8survey,hamilton2016cultural}. In \textcite
                                                  {hamilton2016cultural}, li...
The control sequence at the end of the top line
of your error message was never \def'ed. If you have
misspelled it (e.g., `\hobx'), type `I' and the correct
spelling (e.g., `I\hbox'). Otherwise just continue,
and I'll forget about whatever was undefined.

/Users/peiyi-chen/thesis/Chapters/Chapter2.tex:9: Undefined control sequence.
l.9 ... an onamasiological perspective \parencites
                                                  [17]{geeraerts1997diachron...
The control sequence at the end of the top line
of your error message was never \def'ed. If you have
misspelled it (e.g., `\hobx'), type `I' and the correct
spelling (e.g., `I\hbox'). Otherwise just continue,
and I'll forget about whatever was undefined.

/Users/peiyi-chen/thesis/Chapters/Chapter2.tex:9: Undefined control sequence.
l.9 ... polysemous, and then homonymous \parencite
                                                  [25]{traugott2001regularit...
The control sequence at the end of the top line
of your error message was never \def'ed. If you have
misspelled it (e.g., `\hobx'), type `I' and the correct
spelling (e.g., `I\hbox'). Otherwise just continue,
and I'll forget about whatever was undefined.

/Users/peiyi-chen/thesis/Chapters/Chapter2.tex:9: Undefined control sequence.
l.9 ...near-synonyms, and naming-gaving \parencite
                                                  [17]{geeraerts1997diachron...
The control sequence at the end of the top line
of your error message was never \def'ed. If you have
misspelled it (e.g., `\hobx'), type `I' and the correct
spelling (e.g., `I\hbox'). Otherwise just continue,
and I'll forget about whatever was undefined.

/Users/peiyi-chen/thesis/Chapters/Chapter2.tex:11: Undefined control sequence.
l.11 ...as the ``reanalysis'' of a word \parencite
                                                  [650]{fortson2017approach}...
The control sequence at the end of the top line
of your error message was never \def'ed. If you have
misspelled it (e.g., `\hobx'), type `I' and the correct
spelling (e.g., `I\hbox'). Otherwise just continue,
and I'll forget about whatever was undefined.

/Users/peiyi-chen/thesis/Chapters/Chapter2.tex:11: Undefined control sequence.
l.11 ...earch foci of previous studies \parencites
                                                  [650]{fortson2017approach}...
The control sequence at the end of the top line
of your error message was never \def'ed. If you have
misspelled it (e.g., `\hobx'), type `I' and the correct
spelling (e.g., `I\hbox'). Otherwise just continue,
and I'll forget about whatever was undefined.

/Users/peiyi-chen/thesis/Chapters/Chapter2.tex:11: Undefined control sequence.
l.11 ...approach}{traugott2017semantic}. \textcite
                                                  {bloomfield1933language} c...
The control sequence at the end of the top line
of your error message was never \def'ed. If you have
misspelled it (e.g., `\hobx'), type `I' and the correct
spelling (e.g., `I\hbox'). Otherwise just continue,
and I'll forget about whatever was undefined.

/Users/peiyi-chen/thesis/Chapters/Chapter2.tex:11: Undefined control sequence.
l.11 ...at undergoes semantic change. In \textcite
                                                  [199-205]{semanticincrowle...
The control sequence at the end of the top line
of your error message was never \def'ed. If you have
misspelled it (e.g., `\hobx'), type `I' and the correct
spelling (e.g., `I\hbox'). Otherwise just continue,
and I'll forget about whatever was undefined.

/Users/peiyi-chen/thesis/Chapters/Chapter2.tex:13: Undefined control sequence.
l.13 ...hted as the essential component \parencite
                                                  {robertinvanhove2008}. The...
The control sequence at the end of the top line
of your error message was never \def'ed. If you have
misspelled it (e.g., `\hobx'), type `I' and the correct
spelling (e.g., `I\hbox'). Otherwise just continue,
and I'll forget about whatever was undefined.

/Users/peiyi-chen/thesis/Chapters/Chapter2.tex:13: Undefined control sequence.
l.13 ...sensitive to the context of use \parencite
                                                  {miller1991contextual,harr...
The control sequence at the end of the top line
of your error message was never \def'ed. If you have
misspelled it (e.g., `\hobx'), type `I' and the correct
spelling (e.g., `I\hbox'). Otherwise just continue,
and I'll forget about whatever was undefined.

/Users/peiyi-chen/thesis/Chapters/Chapter2.tex:13: Undefined control sequence.
l.13 ...ptual meanings in the same word \parencite
                                                  {hilpert2019historical,ner...
The control sequence at the end of the top line
of your error message was never \def'ed. If you have
misspelled it (e.g., `\hobx'), type `I' and the correct
spelling (e.g., `I\hbox'). Otherwise just continue,
and I'll forget about whatever was undefined.

/Users/peiyi-chen/thesis/Chapters/Chapter2.tex:13: Undefined control sequence.
l.13 ... diversity of attested examples \parencite
                                                  [649]{fortson2017approach}...
The control sequence at the end of the top line
of your error message was never \def'ed. If you have
misspelled it (e.g., `\hobx'), type `I' and the correct
spelling (e.g., `I\hbox'). Otherwise just continue,
and I'll forget about whatever was undefined.

/Users/peiyi-chen/thesis/Chapters/Chapter2.tex:13: Undefined control sequence.
l.13 ...semy, but also subjectification \parencite
                                                  {traugott2001regularity}, ...
The control sequence at the end of the top line
of your error message was never \def'ed. If you have
misspelled it (e.g., `\hobx'), type `I' and the correct
spelling (e.g., `I\hbox'). Otherwise just continue,
and I'll forget about whatever was undefined.

/Users/peiyi-chen/thesis/Chapters/Chapter2.tex:13: Undefined control sequence.
l.13 ...001regularity}, prototypicality \parencite
                                                  {geeraerts1997diachronic},...
The control sequence at the end of the top line
of your error message was never \def'ed. If you have
misspelled it (e.g., `\hobx'), type `I' and the correct
spelling (e.g., `I\hbox'). Otherwise just continue,
and I'll forget about whatever was undefined.

/Users/peiyi-chen/thesis/Chapters/Chapter2.tex:15: Undefined control sequence.
l.15 ...ach character can be identified \parencite
                                                  {firth1957modes}.
The control sequence at the end of the top line
of your error message was never \def'ed. If you have
misspelled it (e.g., `\hobx'), type `I' and the correct
spelling (e.g., `I\hbox'). Otherwise just continue,
and I'll forget about whatever was undefined.

/Users/peiyi-chen/thesis/Chapters/Chapter2.tex:17: Undefined control sequence.
l.17 ...regularities on semantic change \parencite
                                                  {hamilton2016law}. Semanti...
The control sequence at the end of the top line
of your error message was never \def'ed. If you have
misspelled it (e.g., `\hobx'), type `I' and the correct
spelling (e.g., `I\hbox'). Otherwise just continue,
and I'll forget about whatever was undefined.

/Users/peiyi-chen/thesis/Chapters/Chapter2.tex:17: Undefined control sequence.
l.17 ...to occur relatively more slowly \parencite
                                                  {hamilton2016law}. The cha...
The control sequence at the end of the top line
of your error message was never \def'ed. If you have
misspelled it (e.g., `\hobx'), type `I' and the correct
spelling (e.g., `I\hbox'). Otherwise just continue,
and I'll forget about whatever was undefined.

/Users/peiyi-chen/thesis/Chapters/Chapter2.tex:17: Undefined control sequence.
l.17 ...ifts of cultural associations'' \parencite
                                                  {hamilton2016cultural}. Th...
The control sequence at the end of the top line
of your error message was never \def'ed. If you have
misspelled it (e.g., `\hobx'), type `I' and the correct
spelling (e.g., `I\hbox'). Otherwise just continue,
and I'll forget about whatever was undefined.

/Users/peiyi-chen/thesis/Chapters/Chapter2.tex:17: Undefined control sequence.
l.17 ...brachychrony'' is even coined by \textcite
                                                  {renouf2002time}\textcite{...
The control sequence at the end of the top line
of your error message was never \def'ed. If you have
misspelled it (e.g., `\hobx'), type `I' and the correct
spelling (e.g., `I\hbox'). Otherwise just continue,
and I'll forget about whatever was undefined.

/Users/peiyi-chen/thesis/Chapters/Chapter2.tex:17: Undefined control sequence.
l.17 ...ined by \textcite{renouf2002time}\textcite
                                                  {mair1998corpora} to refer...
The control sequence at the end of the top line
of your error message was never \def'ed. If you have
misspelled it (e.g., `\hobx'), type `I' and the correct
spelling (e.g., `I\hbox'). Otherwise just continue,
and I'll forget about whatever was undefined.

/Users/peiyi-chen/thesis/Chapters/Chapter2.tex:19: Undefined control sequence.
l.19 \section
             {The Concept of Home in Literature}
The control sequence at the end of the top line
of your error message was never \def'ed. If you have
misspelled it (e.g., `\hobx'), type `I' and the correct
spelling (e.g., `I\hbox'). Otherwise just continue,
and I'll forget about whatever was undefined.

/Users/peiyi-chen/thesis/Chapters/Chapter2.tex:20: Undefined control sequence.
l.20 ...ture, and other fields of study \parencite
                                                  {samanani2019house,mallett...
The control sequence at the end of the top line
of your error message was never \def'ed. If you have
misspelled it (e.g., `\hobx'), type `I' and the correct
spelling (e.g., `I\hbox'). Otherwise just continue,
and I'll forget about whatever was undefined.

/Users/peiyi-chen/thesis/Chapters/Chapter2.tex:20: Undefined control sequence.
l.20 ...hese words used interchangeably \parencite
                                                  {mallett2004understanding,...
The control sequence at the end of the top line
of your error message was never \def'ed. If you have
misspelled it (e.g., `\hobx'), type `I' and the correct
spelling (e.g., `I\hbox'). Otherwise just continue,
and I'll forget about whatever was undefined.

/Users/peiyi-chen/thesis/Chapters/Chapter2.tex:20: Undefined control sequence.
l.20 ...ke home fail or are subverted'' \parencite
                                                  {samanani2019house}. The e...
The control sequence at the end of the top line
of your error message was never \def'ed. If you have
misspelled it (e.g., `\hobx'), type `I' and the correct
spelling (e.g., `I\hbox'). Otherwise just continue,
and I'll forget about whatever was undefined.

/Users/peiyi-chen/thesis/Chapters/Chapter2.tex:23: Undefined control sequence.
l.23 ...ngs, renovation, and decoration \parencite
                                                  {samanani2019house}. For i...
The control sequence at the end of the top line
of your error message was never \def'ed. If you have
misspelled it (e.g., `\hobx'), type `I' and the correct
spelling (e.g., `I\hbox'). Otherwise just continue,
and I'll forget about whatever was undefined.

/Users/peiyi-chen/thesis/Chapters/Chapter2.tex:23: Undefined control sequence.
l.23 ...dview'' and ``reproduce[s] it'' \parencite
                                                  {samanani2019house}. Furth...
The control sequence at the end of the top line
of your error message was never \def'ed. If you have
misspelled it (e.g., `\hobx'), type `I' and the correct
spelling (e.g., `I\hbox'). Otherwise just continue,
and I'll forget about whatever was undefined.

/Users/peiyi-chen/thesis/Chapters/Chapter2.tex:23: Undefined control sequence.
l.23 ...lopment of a sense of belonging \parencite
                                                  {moore2000placing}.
The control sequence at the end of the top line
of your error message was never \def'ed. If you have
misspelled it (e.g., `\hobx'), type `I' and the correct
spelling (e.g., `I\hbox'). Otherwise just continue,
and I'll forget about whatever was undefined.

/Users/peiyi-chen/thesis/Chapters/Chapter2.tex:24: Undefined control sequence.
l.24 ...p, togetherness, and homeliness \parencite
                                                  {samanani2019house}. A hou...
The control sequence at the end of the top line
of your error message was never \def'ed. If you have
misspelled it (e.g., `\hobx'), type `I' and the correct
spelling (e.g., `I\hbox'). Otherwise just continue,
and I'll forget about whatever was undefined.

/Users/peiyi-chen/thesis/Chapters/Chapter2.tex:24: Undefined control sequence.
l.24 ...ety, and value is thus deepened \parencite
                                                  {samanani2019house,moore20...
The control sequence at the end of the top line
of your error message was never \def'ed. If you have
misspelled it (e.g., `\hobx'), type `I' and the correct
spelling (e.g., `I\hbox'). Otherwise just continue,
and I'll forget about whatever was undefined.

/Users/peiyi-chen/thesis/Chapters/Chapter2.tex:24: Undefined control sequence.
l.24 ...also strengthened or challenged \parencite
                                                  {samanani2019house,mallett...
The control sequence at the end of the top line
of your error message was never \def'ed. If you have
misspelled it (e.g., `\hobx'), type `I' and the correct
spelling (e.g., `I\hbox'). Otherwise just continue,
and I'll forget about whatever was undefined.

/Users/peiyi-chen/thesis/Chapters/Chapter2.tex:27: Undefined control sequence.
l.27 ...detailed analysis is provided by \textcite
                                                  {sixsmith1986meaning}. The...
The control sequence at the end of the top line
of your error message was never \def'ed. If you have
misspelled it (e.g., `\hobx'), type `I' and the correct
spelling (e.g., `I\hbox'). Otherwise just continue,
and I'll forget about whatever was undefined.

/Users/peiyi-chen/thesis/Chapters/Chapter2.tex:27: Undefined control sequence.
l.27 ...questionnaire responses, as shown in \fref
                                                  {fig:home_regions} \parenc...
The control sequence at the end of the top line
of your error message was never \def'ed. If you have
misspelled it (e.g., `\hobx'), type `I' and the correct
spelling (e.g., `I\hbox'). Otherwise just continue,
and I'll forget about whatever was undefined.

/Users/peiyi-chen/thesis/Chapters/Chapter2.tex:27: Missing $ inserted.
<inserted text> 
                $
l.27 ...ire responses, as shown in \fref{fig:home_
                                                  regions} \parencite{sixsmi...
I've inserted a begin-math/end-math symbol since I think
you left one out. Proceed, with fingers crossed.

LaTeX Font Info:    External font `cmex10' loaded for size
(Font)              <7> on input line 27.
LaTeX Font Info:    External font `cmex10' loaded for size
(Font)              <5> on input line 27.
/Users/peiyi-chen/thesis/Chapters/Chapter2.tex:27: Extra }, or forgotten $.
l.27 ...onses, as shown in \fref{fig:home_regions}
                                                   \parencite{sixsmith1986me...
I've deleted a group-closing symbol because it seems to be
spurious, as in `$x}$'. But perhaps the } is legitimate and
you forgot something else, as in `\hbox{$x}'. In such cases
the way to recover is to insert both the forgotten and the
deleted material, e.g., by typing `I$}'.

/Users/peiyi-chen/thesis/Chapters/Chapter2.tex:27: Undefined control sequence.
l.27 ...hown in \fref{fig:home_regions} \parencite
                                                  {sixsmith1986meaning}.
The control sequence at the end of the top line
of your error message was never \def'ed. If you have
misspelled it (e.g., `\hobx'), type `I' and the correct
spelling (e.g., `I\hbox'). Otherwise just continue,
and I'll forget about whatever was undefined.

/Users/peiyi-chen/thesis/Chapters/Chapter2.tex:28: Missing $ inserted.
<inserted text> 
                $
l.28 
     
I've inserted a begin-math/end-math symbol since I think
you left one out. Proceed, with fingers crossed.


/Users/peiyi-chen/thesis/Chapters/Chapter2.tex:29: LaTeX Error: Environment figure undefined.

See the LaTeX manual or LaTeX Companion for explanation.
Type  H <return>  for immediate help.
 ...                                              
                                                  
l.29 \begin{figure}
                   [H]
Your command was ignored.
Type  I <command> <return>  to replace it with another command,
or  <return>  to continue without it.

/Users/peiyi-chen/thesis/Chapters/Chapter2.tex:32: Undefined control sequence.
<argument> \includegraphics 
                            [width=0.45\textwidth ]{figures_ref/home_regions...
l.32 ...]{figures_ref/home_regions_Sixsmith_1986}}
                                                  
The control sequence at the end of the top line
of your error message was never \def'ed. If you have
misspelled it (e.g., `\hobx'), type `I' and the correct
spelling (e.g., `I\hbox'). Otherwise just continue,
and I'll forget about whatever was undefined.

/Users/peiyi-chen/thesis/Chapters/Chapter2.tex:32: Missing number, treated as zero.
<to be read again> 
                   ]
l.32 ...]{figures_ref/home_regions_Sixsmith_1986}}
                                                  
A number should have been here; I inserted `0'.
(If you can't figure out why I needed to see a number,
look up `weird error' in the index to The TeXbook.)

/Users/peiyi-chen/thesis/Chapters/Chapter2.tex:32: Illegal unit of measure (pt inserted).
<to be read again> 
                   ]
l.32 ...]{figures_ref/home_regions_Sixsmith_1986}}
                                                  
Dimensions can be in units of em, ex, in, pt, pc,
cm, mm, dd, cc, bp, or sp; but yours is a new one!
I'll assume that you meant to say pt, for printer's points.
To recover gracefully from this error, it's best to
delete the erroneous units; e.g., type `2' to delete
two letters. (See Chapter 27 of The TeXbook.)

/Users/peiyi-chen/thesis/Chapters/Chapter2.tex:32: Missing $ inserted.
<inserted text> 
                $
l.32 ...]{figures_ref/home_regions_Sixsmith_1986}}
                                                  
I've inserted a begin-math/end-math symbol since I think
you left one out. Proceed, with fingers crossed.

/Users/peiyi-chen/thesis/Chapters/Chapter2.tex:32: Extra }, or forgotten $.
<argument> ...ures_ref/home_regions_Sixsmith_1986}
                                                  
l.32 ...]{figures_ref/home_regions_Sixsmith_1986}}
                                                  
I've deleted a group-closing symbol because it seems to be
spurious, as in `$x}$'. But perhaps the } is legitimate and
you forgot something else, as in `\hbox{$x}'. In such cases
the way to recover is to insert both the forgotten and the
deleted material, e.g., by typing `I$}'.

/Users/peiyi-chen/thesis/Chapters/Chapter2.tex:32: Extra }, or forgotten $.
\@begin@tempboxa ...begingroup #2\color@endgroup }
                                                  \def \width {\wd \@tempbox...
l.32 ...]{figures_ref/home_regions_Sixsmith_1986}}
                                                  
I've deleted a group-closing symbol because it seems to be
spurious, as in `$x}$'. But perhaps the } is legitimate and
you forgot something else, as in `\hbox{$x}'. In such cases
the way to recover is to insert both the forgotten and the
deleted material, e.g., by typing `I$}'.

/Users/peiyi-chen/thesis/Chapters/Chapter2.tex:32: Missing $ inserted.
<inserted text> 
                $
l.32 ...]{figures_ref/home_regions_Sixsmith_1986}}
                                                  
I've inserted something that you may have forgotten.
(See the <inserted text> above.)
With luck, this will get me unwedged. But if you
really didn't forget anything, try typing `2' now; then
my insertion and my current dilemma will both disappear.

/Users/peiyi-chen/thesis/Chapters/Chapter2.tex:32: Missing } inserted.
<inserted text> 
                }
l.32 ...]{figures_ref/home_regions_Sixsmith_1986}}
                                                  
I've inserted something that you may have forgotten.
(See the <inserted text> above.)
With luck, this will get me unwedged. But if you
really didn't forget anything, try typing `2' now; then
my insertion and my current dilemma will both disappear.

/Users/peiyi-chen/thesis/Chapters/Chapter2.tex:32: Missing } inserted.
<inserted text> 
                }
l.32 ...]{figures_ref/home_regions_Sixsmith_1986}}
                                                  
I've inserted something that you may have forgotten.
(See the <inserted text> above.)
With luck, this will get me unwedged. But if you
really didn't forget anything, try typing `2' now; then
my insertion and my current dilemma will both disappear.

/Users/peiyi-chen/thesis/Chapters/Chapter2.tex:34: Undefined control sequence.
<argument> \includegraphics 
                            [width=0.45\textwidth ]{figures_ref/home_categor...
l.34 ...igures_ref/home_categories_Sixsmith_1986}}
                                                  
The control sequence at the end of the top line
of your error message was never \def'ed. If you have
misspelled it (e.g., `\hobx'), type `I' and the correct
spelling (e.g., `I\hbox'). Otherwise just continue,
and I'll forget about whatever was undefined.

/Users/peiyi-chen/thesis/Chapters/Chapter2.tex:34: Missing number, treated as zero.
<to be read again> 
                   ]
l.34 ...igures_ref/home_categories_Sixsmith_1986}}
                                                  
A number should have been here; I inserted `0'.
(If you can't figure out why I needed to see a number,
look up `weird error' in the index to The TeXbook.)

/Users/peiyi-chen/thesis/Chapters/Chapter2.tex:34: Illegal unit of measure (pt inserted).
<to be read again> 
                   ]
l.34 ...igures_ref/home_categories_Sixsmith_1986}}
                                                  
Dimensions can be in units of em, ex, in, pt, pc,
cm, mm, dd, cc, bp, or sp; but yours is a new one!
I'll assume that you meant to say pt, for printer's points.
To recover gracefully from this error, it's best to
delete the erroneous units; e.g., type `2' to delete
two letters. (See Chapter 27 of The TeXbook.)

/Users/peiyi-chen/thesis/Chapters/Chapter2.tex:34: Missing $ inserted.
<inserted text> 
                $
l.34 ...igures_ref/home_categories_Sixsmith_1986}}
                                                  
I've inserted a begin-math/end-math symbol since I think
you left one out. Proceed, with fingers crossed.

/Users/peiyi-chen/thesis/Chapters/Chapter2.tex:34: Extra }, or forgotten $.
<argument> ...s_ref/home_categories_Sixsmith_1986}
                                                  
l.34 ...igures_ref/home_categories_Sixsmith_1986}}
                                                  
I've deleted a group-closing symbol because it seems to be
spurious, as in `$x}$'. But perhaps the } is legitimate and
you forgot something else, as in `\hbox{$x}'. In such cases
the way to recover is to insert both the forgotten and the
deleted material, e.g., by typing `I$}'.

/Users/peiyi-chen/thesis/Chapters/Chapter2.tex:34: Extra }, or forgotten $.
\@begin@tempboxa ...begingroup #2\color@endgroup }
                                                  \def \width {\wd \@tempbox...
l.34 ...igures_ref/home_categories_Sixsmith_1986}}
                                                  
I've deleted a group-closing symbol because it seems to be
spurious, as in `$x}$'. But perhaps the } is legitimate and
you forgot something else, as in `\hbox{$x}'. In such cases
the way to recover is to insert both the forgotten and the
deleted material, e.g., by typing `I$}'.

/Users/peiyi-chen/thesis/Chapters/Chapter2.tex:34: Missing $ inserted.
<inserted text> 
                $
l.34 ...igures_ref/home_categories_Sixsmith_1986}}
                                                  
I've inserted something that you may have forgotten.
(See the <inserted text> above.)
With luck, this will get me unwedged. But if you
really didn't forget anything, try typing `2' now; then
my insertion and my current dilemma will both disappear.

/Users/peiyi-chen/thesis/Chapters/Chapter2.tex:34: Missing } inserted.
<inserted text> 
                }
l.34 ...igures_ref/home_categories_Sixsmith_1986}}
                                                  
I've inserted something that you may have forgotten.
(See the <inserted text> above.)
With luck, this will get me unwedged. But if you
really didn't forget anything, try typing `2' now; then
my insertion and my current dilemma will both disappear.

/Users/peiyi-chen/thesis/Chapters/Chapter2.tex:34: Missing } inserted.
<inserted text> 
                }
l.34 ...igures_ref/home_categories_Sixsmith_1986}}
                                                  
I've inserted something that you may have forgotten.
(See the <inserted text> above.)
With luck, this will get me unwedged. But if you
really didn't forget anything, try typing `2' now; then
my insertion and my current dilemma will both disappear.


/Users/peiyi-chen/thesis/Chapters/Chapter2.tex:35: LaTeX Error: \caption outside float.

See the LaTeX manual or LaTeX Companion for explanation.
Type  H <return>  for immediate help.
 ...                                              
                                                  
l.35   \caption
               {The concept of home split into 3 regions (``Personal'', ``Ph...
You're in trouble here.  Try typing  <return>  to proceed.
If that doesn't work, type  X <return>  to quit.

/Users/peiyi-chen/thesis/Chapters/Chapter2.tex:35: Undefined control sequence.
l.35 ...d by participants  (Adopted from \textcite
                                                  {sixsmith1986meaning}).}
The control sequence at the end of the top line
of your error message was never \def'ed. If you have
misspelled it (e.g., `\hobx'), type `I' and the correct
spelling (e.g., `I\hbox'). Otherwise just continue,
and I'll forget about whatever was undefined.


/Users/peiyi-chen/thesis/Chapters/Chapter2.tex:38: LaTeX Error: \begin{document} ended by \end{figure}.

See the LaTeX manual or LaTeX Companion for explanation.
Type  H <return>  for immediate help.
 ...                                              
                                                  
l.38 \end{figure}
                 
Your command was ignored.
Type  I <command> <return>  to replace it with another command,
or  <return>  to continue without it.


Overfull \hbox (35.2789pt too wide) in paragraph at lines 29--39
[]\TU/lmr/m/n/10 [H] $[]$
 []


Underfull \hbox (badness 10000) in paragraph at lines 29--39

 []

/Users/peiyi-chen/thesis/Chapters/Chapter2.tex:40: Undefined control sequence.
l.40 ... by the sway of the world order \parencite
                                                  {沈孟穎2015台灣現代住宅設計之轉化}. Trad...
The control sequence at the end of the top line
of your error message was never \def'ed. If you have
misspelled it (e.g., `\hobx'), type `I' and the correct
spelling (e.g., `I\hbox'). Otherwise just continue,
and I'll forget about whatever was undefined.

Missing character: There is no 沈 in font [lmroman10-regular]:mapping=tex-text;!
Missing character: There is no 孟 in font [lmroman10-regular]:mapping=tex-text;!
Missing character: There is no 穎 in font [lmroman10-regular]:mapping=tex-text;!
Missing character: There is no 台 in font [lmroman10-regular]:mapping=tex-text;!
Missing character: There is no 灣 in font [lmroman10-regular]:mapping=tex-text;!
Missing character: There is no 現 in font [lmroman10-regular]:mapping=tex-text;!
Missing character: There is no 代 in font [lmroman10-regular]:mapping=tex-text;!
Missing character: There is no 住 in font [lmroman10-regular]:mapping=tex-text;!
Missing character: There is no 宅 in font [lmroman10-regular]:mapping=tex-text;!
Missing character: There is no 設 in font [lmroman10-regular]:mapping=tex-text;!
Missing character: There is no 計 in font [lmroman10-regular]:mapping=tex-text;!
Missing character: There is no 之 in font [lmroman10-regular]:mapping=tex-text;!
Missing character: There is no 轉 in font [lmroman10-regular]:mapping=tex-text;!
Missing character: There is no 化 in font [lmroman10-regular]:mapping=tex-text;!
/Users/peiyi-chen/thesis/Chapters/Chapter2.tex:40: Undefined control sequence.
l.40 ...ic style was introduced to Taiwan, and \zh
                                                  {街屋}{jie-wu}{street house}...
The control sequence at the end of the top line
of your error message was never \def'ed. If you have
misspelled it (e.g., `\hobx'), type `I' and the correct
spelling (e.g., `I\hbox'). Otherwise just continue,
and I'll forget about whatever was undefined.

Missing character: There is no 街 in font [lmroman10-regular]:mapping=tex-text;!
Missing character: There is no 屋 in font [lmroman10-regular]:mapping=tex-text;!
/Users/peiyi-chen/thesis/Chapters/Chapter2.tex:42: Undefined control sequence.
l.42 \section
             {Diachronic Word Embeddings}
The control sequence at the end of the top line
of your error message was never \def'ed. If you have
misspelled it (e.g., `\hobx'), type `I' and the correct
spelling (e.g., `I\hbox'). Otherwise just continue,
and I'll forget about whatever was undefined.

/Users/peiyi-chen/thesis/Chapters/Chapter2.tex:43: Undefined control sequence.
l.43 ...a temporal-dependent in essence \parencite
                                                  {kutuzov2018survey}. As mo...
The control sequence at the end of the top line
of your error message was never \def'ed. If you have
misspelled it (e.g., `\hobx'), type `I' and the correct
spelling (e.g., `I\hbox'). Otherwise just continue,
and I'll forget about whatever was undefined.

/Users/peiyi-chen/thesis/Chapters/Chapter2.tex:43: Undefined control sequence.
l.43 ...like diachronic word embeddings \parencite
                                                  {kutuzov2018survey, tahmas...
The control sequence at the end of the top line
of your error message was never \def'ed. If you have
misspelled it (e.g., `\hobx'), type `I' and the correct
spelling (e.g., `I\hbox'). Otherwise just continue,
and I'll forget about whatever was undefined.

/Users/peiyi-chen/thesis/Chapters/Chapter2.tex:43: Undefined control sequence.
l.43 ...cts of semantic change modeling \parencite
                                                  {kutuzov2018survey,tahmase...
The control sequence at the end of the top line
of your error message was never \def'ed. If you have
misspelled it (e.g., `\hobx'), type `I' and the correct
spelling (e.g., `I\hbox'). Otherwise just continue,
and I'll forget about whatever was undefined.

/Users/peiyi-chen/thesis/Chapters/Chapter2.tex:46: Undefined control sequence.
l.46 ...for certain linguistic feature. \parencite
                                                  {antoniak2018evaluating} U...
The control sequence at the end of the top line
of your error message was never \def'ed. If you have
misspelled it (e.g., `\hobx'), type `I' and the correct
spelling (e.g., `I\hbox'). Otherwise just continue,
and I'll forget about whatever was undefined.

/Users/peiyi-chen/thesis/Chapters/Chapter2.tex:46: Undefined control sequence.
l.46 ...specific the time units are set \parencite
                                                  {kutuzov2018survey}. Among...
The control sequence at the end of the top line
of your error message was never \def'ed. If you have
misspelled it (e.g., `\hobx'), type `I' and the correct
spelling (e.g., `I\hbox'). Otherwise just continue,
and I'll forget about whatever was undefined.

/Users/peiyi-chen/thesis/Chapters/Chapter2.tex:46: Undefined control sequence.
\@footnotetext ...tins {\reset@font \footnotesize 
                                                  \interlinepenalty \interfo...
l.46 ...by \textcite[38--41]{tahmasebi2018survey}}
                                                  , Corpus of Historical Ame...
The control sequence at the end of the top line
of your error message was never \def'ed. If you have
misspelled it (e.g., `\hobx'), type `I' and the correct
spelling (e.g., `I\hbox'). Otherwise just continue,
and I'll forget about whatever was undefined.

/Users/peiyi-chen/thesis/Chapters/Chapter2.tex:46: Undefined control sequence.
\@footnotetext ...}\color@begingroup \@makefntext 
                                                  {\rule \z@ \footnotesep \i...
l.46 ...by \textcite[38--41]{tahmasebi2018survey}}
                                                  , Corpus of Historical Ame...
The control sequence at the end of the top line
of your error message was never \def'ed. If you have
misspelled it (e.g., `\hobx'), type `I' and the correct
spelling (e.g., `I\hbox'). Otherwise just continue,
and I'll forget about whatever was undefined.

/Users/peiyi-chen/thesis/Chapters/Chapter2.tex:46: Undefined control sequence.
<argument> ...ic corpora is provided by \textcite 
                                                  [38--41]{tahmasebi2018survey}
l.46 ...by \textcite[38--41]{tahmasebi2018survey}}
                                                  , Corpus of Historical Ame...
The control sequence at the end of the top line
of your error message was never \def'ed. If you have
misspelled it (e.g., `\hobx'), type `I' and the correct
spelling (e.g., `I\hbox'). Otherwise just continue,
and I'll forget about whatever was undefined.

/Users/peiyi-chen/thesis/Chapters/Chapter2.tex:46: Undefined control sequence.
\@footnotetext ...tins {\reset@font \footnotesize 
                                                  \interlinepenalty \interfo...
l.46 ...rl{https://www.english-corpora.org/coha/}}
                                                  , Project Gutenberg Corpus...
The control sequence at the end of the top line
of your error message was never \def'ed. If you have
misspelled it (e.g., `\hobx'), type `I' and the correct
spelling (e.g., `I\hbox'). Otherwise just continue,
and I'll forget about whatever was undefined.

/Users/peiyi-chen/thesis/Chapters/Chapter2.tex:46: Undefined control sequence.
\@footnotetext ...}\color@begingroup \@makefntext 
                                                  {\rule \z@ \footnotesep \i...
l.46 ...rl{https://www.english-corpora.org/coha/}}
                                                  , Project Gutenberg Corpus...
The control sequence at the end of the top line
of your error message was never \def'ed. If you have
misspelled it (e.g., `\hobx'), type `I' and the correct
spelling (e.g., `I\hbox'). Otherwise just continue,
and I'll forget about whatever was undefined.

/Users/peiyi-chen/thesis/Chapters/Chapter2.tex:46: Undefined control sequence.
<argument> \url 
                {https://www.english-corpora.org/coha/}
l.46 ...rl{https://www.english-corpora.org/coha/}}
                                                  , Project Gutenberg Corpus...
The control sequence at the end of the top line
of your error message was never \def'ed. If you have
misspelled it (e.g., `\hobx'), type `I' and the correct
spelling (e.g., `I\hbox'). Otherwise just continue,
and I'll forget about whatever was undefined.

/Users/peiyi-chen/thesis/Chapters/Chapter2.tex:46: Undefined control sequence.
\@footnotetext ...tins {\reset@font \footnotesize 
                                                  \interlinepenalty \interfo...
l.46 ...ketchengine.eu/project-gutenberg-corpus/}}
                                                   and self-compiled corpora...
The control sequence at the end of the top line
of your error message was never \def'ed. If you have
misspelled it (e.g., `\hobx'), type `I' and the correct
spelling (e.g., `I\hbox'). Otherwise just continue,
and I'll forget about whatever was undefined.

/Users/peiyi-chen/thesis/Chapters/Chapter2.tex:46: Undefined control sequence.
\@footnotetext ...}\color@begingroup \@makefntext 
                                                  {\rule \z@ \footnotesep \i...
l.46 ...ketchengine.eu/project-gutenberg-corpus/}}
                                                   and self-compiled corpora...
The control sequence at the end of the top line
of your error message was never \def'ed. If you have
misspelled it (e.g., `\hobx'), type `I' and the correct
spelling (e.g., `I\hbox'). Otherwise just continue,
and I'll forget about whatever was undefined.

/Users/peiyi-chen/thesis/Chapters/Chapter2.tex:46: Undefined control sequence.
<argument> \url 
                {https://www.sketchengine.eu/project-gutenberg-corpus/}
l.46 ...ketchengine.eu/project-gutenberg-corpus/}}
                                                   and self-compiled corpora...
The control sequence at the end of the top line
of your error message was never \def'ed. If you have
misspelled it (e.g., `\hobx'), type `I' and the correct
spelling (e.g., `I\hbox'). Otherwise just continue,
and I'll forget about whatever was undefined.

/Users/peiyi-chen/thesis/Chapters/Chapter2.tex:49: Undefined control sequence.
l.49 ...uses of general semantic change \parencite
                                                  {hamilton2016cultural}. In...
The control sequence at the end of the top line
of your error message was never \def'ed. If you have
misspelled it (e.g., `\hobx'), type `I' and the correct
spelling (e.g., `I\hbox'). Otherwise just continue,
and I'll forget about whatever was undefined.

/Users/peiyi-chen/thesis/Chapters/Chapter2.tex:49: Undefined control sequence.
l.49 ...encite{hamilton2016cultural}. In \textcite
                                                  {hamilton2016cultural}, it...
The control sequence at the end of the top line
of your error message was never \def'ed. If you have
misspelled it (e.g., `\hobx'), type `I' and the correct
spelling (e.g., `I\hbox'). Otherwise just continue,
and I'll forget about whatever was undefined.

/Users/peiyi-chen/thesis/Chapters/Chapter2.tex:49: Undefined control sequence.
l.49 ...textit{apple} and \textit{cell}. \textcite
                                                  {kutuzov2017tracing} exemp...
The control sequence at the end of the top line
of your error message was never \def'ed. If you have
misspelled it (e.g., `\hobx'), type `I' and the correct
spelling (e.g., `I\hbox'). Otherwise just continue,
and I'll forget about whatever was undefined.

/Users/peiyi-chen/thesis/Chapters/Chapter2.tex:49: Undefined control sequence.
l.49 ...f diachronic word embeddings. In \textcite
                                                  {hamilton2016cultural}, th...
The control sequence at the end of the top line
of your error message was never \def'ed. If you have
misspelled it (e.g., `\hobx'), type `I' and the correct
spelling (e.g., `I\hbox'). Otherwise just continue,
and I'll forget about whatever was undefined.

/Users/peiyi-chen/thesis/Chapters/Chapter2.tex:52: Undefined control sequence.
l.52 ...h lexicon between 1850 and 2009, \textcite
                                                  {dubossarsky2015bottom} fi...
The control sequence at the end of the top line
of your error message was never \def'ed. If you have
misspelled it (e.g., `\hobx'), type `I' and the correct
spelling (e.g., `I\hbox'). Otherwise just continue,
and I'll forget about whatever was undefined.

/Users/peiyi-chen/thesis/Chapters/Chapter2.tex:52: Undefined control sequence.
l.52 ...nd innovation are put forward by \textcite
                                                  {hamilton2016law}; the for...
The control sequence at the end of the top line
of your error message was never \def'ed. If you have
misspelled it (e.g., `\hobx'), type `I' and the correct
spelling (e.g., `I\hbox'). Otherwise just continue,
and I'll forget about whatever was undefined.

/Users/peiyi-chen/thesis/Chapters/Chapter2.tex:55: Undefined control sequence.
l.55 ...n them in the same vector space \parencite
                                                  {hamilton2016law}. Thus, t...
The control sequence at the end of the top line
of your error message was never \def'ed. If you have
misspelled it (e.g., `\hobx'), type `I' and the correct
spelling (e.g., `I\hbox'). Otherwise just continue,
and I'll forget about whatever was undefined.

/Users/peiyi-chen/thesis/Chapters/Chapter2.tex:55: Undefined control sequence.
l.55 ...ignment algorithm is proposed by \textcite
                                                  {hamilton2016law}, who uti...
The control sequence at the end of the top line
of your error message was never \def'ed. If you have
misspelled it (e.g., `\hobx'), type `I' and the correct
spelling (e.g., `I\hbox'). Otherwise just continue,
and I'll forget about whatever was undefined.

/Users/peiyi-chen/thesis/Chapters/Chapter2.tex:58: Undefined control sequence.
l.58 ...rom the time period of interest \parencite
                                                  {tang2018state}. \textcite...
The control sequence at the end of the top line
of your error message was never \def'ed. If you have
misspelled it (e.g., `\hobx'), type `I' and the correct
spelling (e.g., `I\hbox'). Otherwise just continue,
and I'll forget about whatever was undefined.

/Users/peiyi-chen/thesis/Chapters/Chapter2.tex:58: Undefined control sequence.
l.58 ...erest \parencite{tang2018state}. \textcite
                                                  {kutuzov2020uio} reveal th...
The control sequence at the end of the top line
of your error message was never \def'ed. If you have
misspelled it (e.g., `\hobx'), type `I' and the correct
spelling (e.g., `I\hbox'). Otherwise just continue,
and I'll forget about whatever was undefined.

/Users/peiyi-chen/thesis/Chapters/Chapter2.tex:58: Undefined control sequence.
l.58 ...s as input data is acknowledged \parencite
                                                  {huang2019neural}. Tempora...
The control sequence at the end of the top line
of your error message was never \def'ed. If you have
misspelled it (e.g., `\hobx'), type `I' and the correct
spelling (e.g., `I\hbox'). Otherwise just continue,
and I'll forget about whatever was undefined.

/Users/peiyi-chen/thesis/Chapters/Chapter2.tex:58: Undefined control sequence.
l.58 ...task of document classification \parencite
                                                  {huang2019neural}.% SemEva...
The control sequence at the end of the top line
of your error message was never \def'ed. If you have
misspelled it (e.g., `\hobx'), type `I' and the correct
spelling (e.g., `I\hbox'). Otherwise just continue,
and I'll forget about whatever was undefined.

/Users/peiyi-chen/thesis/Chapters/Chapter2.tex:61: Undefined control sequence.
l.61 ...n deficiency'', is brought up by \textcite
                                                  {camacho2018survey}. Previ...
The control sequence at the end of the top line
of your error message was never \def'ed. If you have
misspelled it (e.g., `\hobx'), type `I' and the correct
spelling (e.g., `I\hbox'). Otherwise just continue,
and I'll forget about whatever was undefined.

/Users/peiyi-chen/thesis/Chapters/Chapter2.tex:61: Undefined control sequence.
l.61 ...hnique is first implemented by \citeauthor
                                                  {mikolov2013efficient} in ...
The control sequence at the end of the top line
of your error message was never \def'ed. If you have
misspelled it (e.g., `\hobx'), type `I' and the correct
spelling (e.g., `I\hbox'). Otherwise just continue,
and I'll forget about whatever was undefined.

/Users/peiyi-chen/thesis/Chapters/Chapter2.tex:61: Undefined control sequence.
l.61 ...cient}. The embeddings models such as \gls
                                                  {cbow}, \gls{sgns}, \gls{s...
The control sequence at the end of the top line
of your error message was never \def'ed. If you have
misspelled it (e.g., `\hobx'), type `I' and the correct
spelling (e.g., `I\hbox'). Otherwise just continue,
and I'll forget about whatever was undefined.

/Users/peiyi-chen/thesis/Chapters/Chapter2.tex:61: Undefined control sequence.
l.61 ...embeddings models such as \gls{cbow}, \gls
                                                  {sgns}, \gls{svdppmi} are ...
The control sequence at the end of the top line
of your error message was never \def'ed. If you have
misspelled it (e.g., `\hobx'), type `I' and the correct
spelling (e.g., `I\hbox'). Otherwise just continue,
and I'll forget about whatever was undefined.

/Users/peiyi-chen/thesis/Chapters/Chapter2.tex:61: Undefined control sequence.
l.61 ...odels such as \gls{cbow}, \gls{sgns}, \gls
                                                  {svdppmi} are static, for ...
The control sequence at the end of the top line
of your error message was never \def'ed. If you have
misspelled it (e.g., `\hobx'), type `I' and the correct
spelling (e.g., `I\hbox'). Otherwise just continue,
and I'll forget about whatever was undefined.

/Users/peiyi-chen/thesis/Chapters/Chapter2.tex:61: Undefined control sequence.
l.61 ...tatic nature of word embeddings, \textcite
                                                  {hu2019diachronic} point o...
The control sequence at the end of the top line
of your error message was never \def'ed. If you have
misspelled it (e.g., `\hobx'), type `I' and the correct
spelling (e.g., `I\hbox'). Otherwise just continue,
and I'll forget about whatever was undefined.

/Users/peiyi-chen/thesis/Chapters/Chapter2.tex:61: Undefined control sequence.
l.61 ... the Oxford English Dictionary) \parencite
                                                  {hu2019diachronic}.
The control sequence at the end of the top line
of your error message was never \def'ed. If you have
misspelled it (e.g., `\hobx'), type `I' and the correct
spelling (e.g., `I\hbox'). Otherwise just continue,
and I'll forget about whatever was undefined.

/Users/peiyi-chen/thesis/Chapters/Chapter2.tex:64: Undefined control sequence.
l.64 ... counts, collocational analysis \parencite
                                                  {kutuzov2018survey}. Indee...
The control sequence at the end of the top line
of your error message was never \def'ed. If you have
misspelled it (e.g., `\hobx'), type `I' and the correct
spelling (e.g., `I\hbox'). Otherwise just continue,
and I'll forget about whatever was undefined.

/Users/peiyi-chen/thesis/Chapters/Chapter2.tex:64: Undefined control sequence.
l.64 ... proposed linguistic hypotheses \parencite
                                                  {tahmasebi2018survey}.% wo...
The control sequence at the end of the top line
of your error message was never \def'ed. If you have
misspelled it (e.g., `\hobx'), type `I' and the correct
spelling (e.g., `I\hbox'). Otherwise just continue,
and I'll forget about whatever was undefined.

/Users/peiyi-chen/thesis/Chapters/Chapter2.tex:67: Undefined control sequence.
\@footnotetext ...tins {\reset@font \footnotesize 
                                                  \interlinepenalty \interfo...
l.67 ...ote{https://www.english-corpora.org/coha/}
                                                  ,
The control sequence at the end of the top line
of your error message was never \def'ed. If you have
misspelled it (e.g., `\hobx'), type `I' and the correct
spelling (e.g., `I\hbox'). Otherwise just continue,
and I'll forget about whatever was undefined.

/Users/peiyi-chen/thesis/Chapters/Chapter2.tex:67: Undefined control sequence.
\@footnotetext ...}\color@begingroup \@makefntext 
                                                  {\rule \z@ \footnotesep \i...
l.67 ...ote{https://www.english-corpora.org/coha/}
                                                  ,
The control sequence at the end of the top line
of your error message was never \def'ed. If you have
misspelled it (e.g., `\hobx'), type `I' and the correct
spelling (e.g., `I\hbox'). Otherwise just continue,
and I'll forget about whatever was undefined.

/Users/peiyi-chen/thesis/Chapters/Chapter2.tex:68: Undefined control sequence.
\@footnotetext ...tins {\reset@font \footnotesize 
                                                  \interlinepenalty \interfo...
l.68 ...www.projects.alc.manchester.ac.uk/archer/}
                                                  
The control sequence at the end of the top line
of your error message was never \def'ed. If you have
misspelled it (e.g., `\hobx'), type `I' and the correct
spelling (e.g., `I\hbox'). Otherwise just continue,
and I'll forget about whatever was undefined.

/Users/peiyi-chen/thesis/Chapters/Chapter2.tex:68: Undefined control sequence.
\@footnotetext ...}\color@begingroup \@makefntext 
                                                  {\rule \z@ \footnotesep \i...
l.68 ...www.projects.alc.manchester.ac.uk/archer/}
                                                  
The control sequence at the end of the top line
of your error message was never \def'ed. If you have
misspelled it (e.g., `\hobx'), type `I' and the correct
spelling (e.g., `I\hbox'). Otherwise just continue,
and I'll forget about whatever was undefined.

/Users/peiyi-chen/thesis/Chapters/Chapter2.tex:69: Undefined control sequence.
\@footnotetext ...tins {\reset@font \footnotesize 
                                                  \interlinepenalty \interfo...
l.69 ...ps://fedora.clarin-d.uni-saarland.de/rsc/}
                                                  ,
The control sequence at the end of the top line
of your error message was never \def'ed. If you have
misspelled it (e.g., `\hobx'), type `I' and the correct
spelling (e.g., `I\hbox'). Otherwise just continue,
and I'll forget about whatever was undefined.

/Users/peiyi-chen/thesis/Chapters/Chapter2.tex:69: Undefined control sequence.
\@footnotetext ...}\color@begingroup \@makefntext 
                                                  {\rule \z@ \footnotesep \i...
l.69 ...ps://fedora.clarin-d.uni-saarland.de/rsc/}
                                                  ,
The control sequence at the end of the top line
of your error message was never \def'ed. If you have
misspelled it (e.g., `\hobx'), type `I' and the correct
spelling (e.g., `I\hbox'). Otherwise just continue,
and I'll forget about whatever was undefined.

/Users/peiyi-chen/thesis/Chapters/Chapter2.tex:70: Undefined control sequence.
\@footnotetext ...tins {\reset@font \footnotesize 
                                                  \interlinepenalty \interfo...
l.70 ...te{https://perswww.kuleuven.be/~u0044428/}
                                                  ,
The control sequence at the end of the top line
of your error message was never \def'ed. If you have
misspelled it (e.g., `\hobx'), type `I' and the correct
spelling (e.g., `I\hbox'). Otherwise just continue,
and I'll forget about whatever was undefined.

/Users/peiyi-chen/thesis/Chapters/Chapter2.tex:70: Undefined control sequence.
\@footnotetext ...}\color@begingroup \@makefntext 
                                                  {\rule \z@ \footnotesep \i...
l.70 ...te{https://perswww.kuleuven.be/~u0044428/}
                                                  ,
The control sequence at the end of the top line
of your error message was never \def'ed. If you have
misspelled it (e.g., `\hobx'), type `I' and the correct
spelling (e.g., `I\hbox'). Otherwise just continue,
and I'll forget about whatever was undefined.

/Users/peiyi-chen/thesis/Chapters/Chapter2.tex:71: Undefined control sequence.
\@footnotetext ...tins {\reset@font \footnotesize 
                                                  \interlinepenalty \interfo...
l.71 ...{https://www.english-corpora.org/hansard/}
                                                  , among many others.
The control sequence at the end of the top line
of your error message was never \def'ed. If you have
misspelled it (e.g., `\hobx'), type `I' and the correct
spelling (e.g., `I\hbox'). Otherwise just continue,
and I'll forget about whatever was undefined.

/Users/peiyi-chen/thesis/Chapters/Chapter2.tex:71: Undefined control sequence.
\@footnotetext ...}\color@begingroup \@makefntext 
                                                  {\rule \z@ \footnotesep \i...
l.71 ...{https://www.english-corpora.org/hansard/}
                                                  , among many others.
The control sequence at the end of the top line
of your error message was never \def'ed. If you have
misspelled it (e.g., `\hobx'), type `I' and the correct
spelling (e.g., `I\hbox'). Otherwise just continue,
and I'll forget about whatever was undefined.

/Users/peiyi-chen/thesis/Chapters/Chapter2.tex:73: Undefined control sequence.
\@footnotetext ...tins {\reset@font \footnotesize 
                                                  \interlinepenalty \interfo...
l.73 ...inese\footnote{https://www.dhi.ac.uk/scc/}
                                                   and Academia Sinica Ancie...
The control sequence at the end of the top line
of your error message was never \def'ed. If you have
misspelled it (e.g., `\hobx'), type `I' and the correct
spelling (e.g., `I\hbox'). Otherwise just continue,
and I'll forget about whatever was undefined.

/Users/peiyi-chen/thesis/Chapters/Chapter2.tex:73: Undefined control sequence.
\@footnotetext ...}\color@begingroup \@makefntext 
                                                  {\rule \z@ \footnotesep \i...
l.73 ...inese\footnote{https://www.dhi.ac.uk/scc/}
                                                   and Academia Sinica Ancie...
The control sequence at the end of the top line
of your error message was never \def'ed. If you have
misspelled it (e.g., `\hobx'), type `I' and the correct
spelling (e.g., `I\hbox'). Otherwise just continue,
and I'll forget about whatever was undefined.

Missing character: There is no 中 in font [lmroman10-regular]:mapping=tex-text;!
Missing character: There is no 央 in font [lmroman10-regular]:mapping=tex-text;!
Missing character: There is no 研 in font [lmroman10-regular]:mapping=tex-text;!
Missing character: There is no 究 in font [lmroman10-regular]:mapping=tex-text;!
Missing character: There is no 院 in font [lmroman10-regular]:mapping=tex-text;!
Missing character: There is no 古 in font [lmroman10-regular]:mapping=tex-text;!
Missing character: There is no 漢 in font [lmroman10-regular]:mapping=tex-text;!
Missing character: There is no 語 in font [lmroman10-regular]:mapping=tex-text;!
Missing character: There is no 語 in font [lmroman10-regular]:mapping=tex-text;!
Missing character: There is no 料 in font [lmroman10-regular]:mapping=tex-text;!
Missing character: There is no 庫 in font [lmroman10-regular]:mapping=tex-text;!
/Users/peiyi-chen/thesis/Chapters/Chapter2.tex:73: Undefined control sequence.
\@footnotetext ...tins {\reset@font \footnotesize 
                                                  \interlinepenalty \interfo...
l.73 ...ttp://lingcorpus.iis.sinica.edu.tw/early/}
                                                  . The ASAC Corpus is divid...
The control sequence at the end of the top line
of your error message was never \def'ed. If you have
misspelled it (e.g., `\hobx'), type `I' and the correct
spelling (e.g., `I\hbox'). Otherwise just continue,
and I'll forget about whatever was undefined.

/Users/peiyi-chen/thesis/Chapters/Chapter2.tex:73: Undefined control sequence.
\@footnotetext ...}\color@begingroup \@makefntext 
                                                  {\rule \z@ \footnotesep \i...
l.73 ...ttp://lingcorpus.iis.sinica.edu.tw/early/}
                                                  . The ASAC Corpus is divid...
The control sequence at the end of the top line
of your error message was never \def'ed. If you have
misspelled it (e.g., `\hobx'), type `I' and the correct
spelling (e.g., `I\hbox'). Otherwise just continue,
and I'll forget about whatever was undefined.

Missing character: There is no 上 in font [lmroman10-regular]:mapping=tex-text;!
Missing character: There is no 古 in font [lmroman10-regular]:mapping=tex-text;!
Missing character: There is no 中 in font [lmroman10-regular]:mapping=tex-text;!
Missing character: There is no 古 in font [lmroman10-regular]:mapping=tex-text;!
Missing character: There is no 近 in font [lmroman10-regular]:mapping=tex-text;!
Missing character: There is no 代 in font [lmroman10-regular]:mapping=tex-text;!
Missing character: There is no 中 in font [lmroman10-regular]:mapping=tex-text;!
Missing character: There is no 央 in font [lmroman10-regular]:mapping=tex-text;!
Missing character: There is no 研 in font [lmroman10-regular]:mapping=tex-text;!
Missing character: There is no 究 in font [lmroman10-regular]:mapping=tex-text;!
Missing character: There is no 院 in font [lmroman10-regular]:mapping=tex-text;!
Missing character: There is no 近 in font [lmroman10-regular]:mapping=tex-text;!
Missing character: There is no 代 in font [lmroman10-regular]:mapping=tex-text;!
Missing character: There is no 漢 in font [lmroman10-regular]:mapping=tex-text;!
Missing character: There is no 語 in font [lmroman10-regular]:mapping=tex-text;!
Missing character: There is no 語 in font [lmroman10-regular]:mapping=tex-text;!
Missing character: There is no 料 in font [lmroman10-regular]:mapping=tex-text;!
Missing character: There is no 庫 in font [lmroman10-regular]:mapping=tex-text;!
Missing character: There is no 漢 in font [lmroman10-regular]:mapping=tex-text;!
Missing character: There is no 籍 in font [lmroman10-regular]:mapping=tex-text;!
Missing character: There is no 全 in font [lmroman10-regular]:mapping=tex-text;!
Missing character: There is no 文 in font [lmroman10-regular]:mapping=tex-text;!
Missing character: There is no 資 in font [lmroman10-regular]:mapping=tex-text;!
Missing character: There is no 料 in font [lmroman10-regular]:mapping=tex-text;!
Missing character: There is no 庫 in font [lmroman10-regular]:mapping=tex-text;!
Missing character: There is no 計 in font [lmroman10-regular]:mapping=tex-text;!
Missing character: There is no 畫 in font [lmroman10-regular]:mapping=tex-text;!
/Users/peiyi-chen/thesis/Chapters/Chapter2.tex:75: Undefined control sequence.
l.75 \section
             {Visualizing semantic change}
The control sequence at the end of the top line
of your error message was never \def'ed. If you have
misspelled it (e.g., `\hobx'), type `I' and the correct
spelling (e.g., `I\hbox'). Otherwise just continue,
and I'll forget about whatever was undefined.

/Users/peiyi-chen/thesis/Chapters/Chapter2.tex:76: Undefined control sequence.
l.76 ...as well as classification tasks \parencite
                                                  {tang2018state}. In additi...
The control sequence at the end of the top line
of your error message was never \def'ed. If you have
misspelled it (e.g., `\hobx'), type `I' and the correct
spelling (e.g., `I\hbox'). Otherwise just continue,
and I'll forget about whatever was undefined.

/Users/peiyi-chen/thesis/Chapters/Chapter2.tex:76: Undefined control sequence.
l.76 ...of word representation learning \parencite
                                                  {liu2017visual}. Visualiza...
The control sequence at the end of the top line
of your error message was never \def'ed. If you have
misspelled it (e.g., `\hobx'), type `I' and the correct
spelling (e.g., `I\hbox'). Otherwise just continue,
and I'll forget about whatever was undefined.

/Users/peiyi-chen/thesis/Chapters/Chapter2.tex:78: Undefined control sequence.
l.78 ...projected in two or three dimensions. \gls
                                                  {pca} and \gls{tsne} \pare...
The control sequence at the end of the top line
of your error message was never \def'ed. If you have
misspelled it (e.g., `\hobx'), type `I' and the correct
spelling (e.g., `I\hbox'). Otherwise just continue,
and I'll forget about whatever was undefined.

/Users/peiyi-chen/thesis/Chapters/Chapter2.tex:78: Undefined control sequence.
l.78 ...wo or three dimensions. \gls{pca} and \gls
                                                  {tsne} \parencite{vanderma...
The control sequence at the end of the top line
of your error message was never \def'ed. If you have
misspelled it (e.g., `\hobx'), type `I' and the correct
spelling (e.g., `I\hbox'). Otherwise just continue,
and I'll forget about whatever was undefined.

/Users/peiyi-chen/thesis/Chapters/Chapter2.tex:78: Undefined control sequence.
l.78 ...sions. \gls{pca} and \gls{tsne} \parencite
                                                  {vandermaaten2008tsne} are...
The control sequence at the end of the top line
of your error message was never \def'ed. If you have
misspelled it (e.g., `\hobx'), type `I' and the correct
spelling (e.g., `I\hbox'). Otherwise just continue,
and I'll forget about whatever was undefined.

/Users/peiyi-chen/thesis/Chapters/Chapter2.tex:78: Undefined control sequence.
l.78 ...ng is generally non-interactive \parencite
                                                  {smilkov2016projector}. In...
The control sequence at the end of the top line
of your error message was never \def'ed. If you have
misspelled it (e.g., `\hobx'), type `I' and the correct
spelling (e.g., `I\hbox'). Otherwise just continue,
and I'll forget about whatever was undefined.

/Users/peiyi-chen/thesis/Chapters/Chapter2.tex:78: Undefined control sequence.
l.78 ...ed in the table format by users \parencite
                                                  {smilkov2016projector}.
The control sequence at the end of the top line
of your error message was never \def'ed. If you have
misspelled it (e.g., `\hobx'), type `I' and the correct
spelling (e.g., `I\hbox'). Otherwise just continue,
and I'll forget about whatever was undefined.

/Users/peiyi-chen/thesis/Chapters/Chapter2.tex:80: Undefined control sequence.
l.80 \textcite
              {coenen2019visualizing} recognizes the adaptability of BERT to...
The control sequence at the end of the top line
of your error message was never \def'ed. If you have
misspelled it (e.g., `\hobx'), type `I' and the correct
spelling (e.g., `I\hbox'). Otherwise just continue,
and I'll forget about whatever was undefined.

/Users/peiyi-chen/thesis/Chapters/Chapter2.tex:80: Undefined control sequence.
l.80 ...into continuous numeric vectors, \textcite
                                                  {coenen2019visualizing} us...
The control sequence at the end of the top line
of your error message was never \def'ed. If you have
misspelled it (e.g., `\hobx'), type `I' and the correct
spelling (e.g., `I\hbox'). Otherwise just continue,
and I'll forget about whatever was undefined.

/Users/peiyi-chen/thesis/Chapters/Chapter2.tex:80: Undefined control sequence.
l.80 ...ven in low-dimensional subspace. \textcite
                                                  {coenen2019visualizing} co...
The control sequence at the end of the top line
of your error message was never \def'ed. If you have
misspelled it (e.g., `\hobx'), type `I' and the correct
spelling (e.g., `I\hbox'). Otherwise just continue,
and I'll forget about whatever was undefined.

/Users/peiyi-chen/thesis/Chapters/Chapter2.tex:80: Undefined control sequence.
l.80 ...b meaning from all neighbors.'' \parencite
                                                  {coenen2019visualizing}
The control sequence at the end of the top line
of your error message was never \def'ed. If you have
misspelled it (e.g., `\hobx'), type `I' and the correct
spelling (e.g., `I\hbox'). Otherwise just continue,
and I'll forget about whatever was undefined.

/Users/peiyi-chen/thesis/Chapters/Chapter2.tex:82: Undefined control sequence.
l.82 It is summarized in \textcite
                                  {tang2018state} that the novelty of a sens...
The control sequence at the end of the top line
of your error message was never \def'ed. If you have
misspelled it (e.g., `\hobx'), type `I' and the correct
spelling (e.g., `I\hbox'). Otherwise just continue,
and I'll forget about whatever was undefined.

/Users/peiyi-chen/thesis/Chapters/Chapter2.tex:82: Undefined control sequence.
l.82 ...evel and sense-level embeddings \parencite
                                                  {dubossarsky2015bottom,hu2...
The control sequence at the end of the top line
of your error message was never \def'ed. If you have
misspelled it (e.g., `\hobx'), type `I' and the correct
spelling (e.g., `I\hbox'). Otherwise just continue,
and I'll forget about whatever was undefined.

/Users/peiyi-chen/thesis/Chapters/Chapter2.tex:82: Undefined control sequence.
l.82 ...2015bottom,hu2019diachronic}. In \textcite
                                                  {dubossarsky2015bottom}, t...
The control sequence at the end of the top line
of your error message was never \def'ed. If you have
misspelled it (e.g., `\hobx'), type `I' and the correct
spelling (e.g., `I\hbox'). Otherwise just continue,
and I'll forget about whatever was undefined.

/Users/peiyi-chen/thesis/Chapters/Chapter2.tex:82: Undefined control sequence.
l.82 ...on is graphically represented in \textcite
                                                  {hu2019diachronic}. The ri...
The control sequence at the end of the top line
of your error message was never \def'ed. If you have
misspelled it (e.g., `\hobx'), type `I' and the correct
spelling (e.g., `I\hbox'). Otherwise just continue,
and I'll forget about whatever was undefined.


/Users/peiyi-chen/thesis/Chapters/Chapter2.tex:84: LaTeX Error: The font size command \normalsize is not defined:
               there is probably something wrong with the class file.

See the LaTeX manual or LaTeX Companion for explanation.
Type  H <return>  for immediate help.
 ...                                              
                                                  
l.84 \end{document}
                   
Your command was ignored.
Type  I <command> <return>  to replace it with another command,
or  <return>  to continue without it.

[1
/Users/peiyi-chen/thesis/Chapters/Chapter2.tex:84: Undefined control sequence.
<write> \newlabel{related_works}{{}{\thepage 
                                             }}
l.84 \end{document}
                   
The control sequence at the end of the top line
of your error message was never \def'ed. If you have
misspelled it (e.g., `\hobx'), type `I' and the correct
spelling (e.g., `I\hbox'). Otherwise just continue,
and I'll forget about whatever was undefined.

/Users/peiyi-chen/thesis/Chapters/Chapter2.tex:84: Undefined control sequence.
<write> \newlabel{fig:home_regions}{{}{\thepage 
                                                }}
l.84 \end{document}
                   
The control sequence at the end of the top line
of your error message was never \def'ed. If you have
misspelled it (e.g., `\hobx'), type `I' and the correct
spelling (e.g., `I\hbox'). Otherwise just continue,
and I'll forget about whatever was undefined.

] (./Chapter2.aux)

LaTeX Warning: Label(s) may have changed. Rerun to get cross-references right.

 )
(\end occurred inside a group at level 1)

### simple group (level 1) entered at line 27 ({)
### bottom level 
Here is how much of TeX's memory you used:
 219 strings out of 479418
 6008 string characters out of 5884585
 279340 words of memory out of 5000000
 17822 multiletter control sequences out of 15000+600000
 532362 words of font info for 27 fonts, out of 8000000 for 9000
 1348 hyphenation exceptions out of 8191
 21i,5n,19p,2058b,106s stack positions out of 5000i,500n,10000p,200000b,80000s

Output written on Chapter2.pdf (1 page).
