This is XeTeX, Version 3.14159265-2.6-0.999992 (TeX Live 2020) (preloaded format=xelatex 2020.10.18)  5 JAN 2021 16:58
entering extended mode
 restricted \write18 enabled.
 file:line:error style messages enabled.
 %&-line parsing enabled.
**/Users/mac/Documents/GitHub/thesis_latex/Metachapters/Thanks
(/Users/mac/Documents/GitHub/thesis_latex/Metachapters/Thanks.tex
LaTeX2e <2020-02-02> patch level 5
L3 programming layer <2020-03-06> (/usr/local/texlive/2020/texmf-dist/tex/latex/l3backend/l3backend-xdvipdfmx.def
File: l3backend-xdvipdfmx.def 2020-03-12 L3 backend support: xdvipdfmx
\g__graphics_track_int=\count163
\l__pdf_internal_box=\box45
\g__pdf_backend_object_int=\count164
\g__pdf_backend_annotation_int=\count165
)
No file Thanks.aux.
\openout1 = `Thanks.aux'.

LaTeX Font Info:    Checking defaults for OML/cmm/m/it on input line 1.
LaTeX Font Info:    ... okay on input line 1.
LaTeX Font Info:    Checking defaults for OMS/cmsy/m/n on input line 1.
LaTeX Font Info:    ... okay on input line 1.
LaTeX Font Info:    Checking defaults for OT1/cmr/m/n on input line 1.
LaTeX Font Info:    ... okay on input line 1.
LaTeX Font Info:    Checking defaults for T1/cmr/m/n on input line 1.
LaTeX Font Info:    ... okay on input line 1.
LaTeX Font Info:    Checking defaults for TS1/cmr/m/n on input line 1.
LaTeX Font Info:    Trying to load font information for TS1+cmr on input line 1.
(/usr/local/texlive/2020/texmf-dist/tex/latex/base/ts1cmr.fd
File: ts1cmr.fd 2019/12/16 v2.5j Standard LaTeX font definitions
)
LaTeX Font Info:    ... okay on input line 1.
LaTeX Font Info:    Checking defaults for TU/lmr/m/n on input line 1.
LaTeX Font Info:    ... okay on input line 1.
LaTeX Font Info:    Checking defaults for OMX/cmex/m/n on input line 1.
LaTeX Font Info:    ... okay on input line 1.
LaTeX Font Info:    Checking defaults for U/cmr/m/n on input line 1.
LaTeX Font Info:    ... okay on input line 1.


/Users/mac/Documents/GitHub/thesis_latex/Metachapters/Thanks.tex:1: LaTeX Error: The font size command \normalsize is not defined:
               there is probably something wrong with the class file.

See the LaTeX manual or LaTeX Companion for explanation.
Type  H <return>  for immediate help.
 ...                                              
                                                  
l.1 \begin{document}
                    
Your command was ignored.
Type  I <command> <return>  to replace it with another command,
or  <return>  to continue without it.

/Users/mac/Documents/GitHub/thesis_latex/Metachapters/Thanks.tex:3: Undefined control sequence.
l.3 \chapter
            *{致謝辭}
The control sequence at the end of the top line
of your error message was never \def'ed. If you have
misspelled it (e.g., `\hobx'), type `I' and the correct
spelling (e.g., `I\hbox'). Otherwise just continue,
and I'll forget about whatever was undefined.

Missing character: There is no 致 in font [lmroman10-regular]:mapping=tex-text;!
Missing character: There is no 謝 in font [lmroman10-regular]:mapping=tex-text;!
Missing character: There is no 辭 in font [lmroman10-regular]:mapping=tex-text;!
Missing character: There is no 因 in font [lmroman10-regular]:mapping=tex-text;!
Missing character: There is no 為 in font [lmroman10-regular]:mapping=tex-text;!
Missing character: There is no 論 in font [lmroman10-regular]:mapping=tex-text;!
Missing character: There is no 文 in font [lmroman10-regular]:mapping=tex-text;!
Missing character: There is no 進 in font [lmroman10-regular]:mapping=tex-text;!
Missing character: There is no 度 in font [lmroman10-regular]:mapping=tex-text;!
Missing character: There is no 緩 in font [lmroman10-regular]:mapping=tex-text;!
Missing character: There is no 慢 in font [lmroman10-regular]:mapping=tex-text;!
Missing character: There is no ， in font [lmroman10-regular]:mapping=tex-text;!
Missing character: There is no 致 in font [lmroman10-regular]:mapping=tex-text;!
Missing character: There is no 謝 in font [lmroman10-regular]:mapping=tex-text;!
Missing character: There is no 辭 in font [lmroman10-regular]:mapping=tex-text;!
Missing character: There is no 也 in font [lmroman10-regular]:mapping=tex-text;!
Missing character: There is no 像 in font [lmroman10-regular]:mapping=tex-text;!
Missing character: There is no 是 in font [lmroman10-regular]:mapping=tex-text;!
Missing character: There is no 感 in font [lmroman10-regular]:mapping=tex-text;!
Missing character: There is no 謝 in font [lmroman10-regular]:mapping=tex-text;!
Missing character: There is no 日 in font [lmroman10-regular]:mapping=tex-text;!
Missing character: There is no 記 in font [lmroman10-regular]:mapping=tex-text;!
Missing character: There is no 一 in font [lmroman10-regular]:mapping=tex-text;!
Missing character: There is no 樣 in font [lmroman10-regular]:mapping=tex-text;!
Missing character: There is no ， in font [lmroman10-regular]:mapping=tex-text;!
Missing character: There is no 一 in font [lmroman10-regular]:mapping=tex-text;!
Missing character: There is no 點 in font [lmroman10-regular]:mapping=tex-text;!
Missing character: There is no 一 in font [lmroman10-regular]:mapping=tex-text;!
Missing character: There is no 滴 in font [lmroman10-regular]:mapping=tex-text;!
Missing character: There is no 記 in font [lmroman10-regular]:mapping=tex-text;!
Missing character: There is no 錄 in font [lmroman10-regular]:mapping=tex-text;!
Missing character: There is no 下 in font [lmroman10-regular]:mapping=tex-text;!
Missing character: There is no 來 in font [lmroman10-regular]:mapping=tex-text;!
Missing character: There is no ， in font [lmroman10-regular]:mapping=tex-text;!
Missing character: There is no 感 in font [lmroman10-regular]:mapping=tex-text;!
Missing character: There is no 謝 in font [lmroman10-regular]:mapping=tex-text;!
Missing character: There is no 在 in font [lmroman10-regular]:mapping=tex-text;!
Missing character: There is no 撰 in font [lmroman10-regular]:mapping=tex-text;!
Missing character: There is no 寫 in font [lmroman10-regular]:mapping=tex-text;!
Missing character: There is no 論 in font [lmroman10-regular]:mapping=tex-text;!
Missing character: There is no 文 in font [lmroman10-regular]:mapping=tex-text;!
Missing character: There is no 的 in font [lmroman10-regular]:mapping=tex-text;!
Missing character: There is no 期 in font [lmroman10-regular]:mapping=tex-text;!
Missing character: There is no 間 in font [lmroman10-regular]:mapping=tex-text;!
Missing character: There is no 受 in font [lmroman10-regular]:mapping=tex-text;!
Missing character: There is no 到 in font [lmroman10-regular]:mapping=tex-text;!
Missing character: There is no 的 in font [lmroman10-regular]:mapping=tex-text;!
Missing character: There is no 各 in font [lmroman10-regular]:mapping=tex-text;!
Missing character: There is no 式 in font [lmroman10-regular]:mapping=tex-text;!
Missing character: There is no 幫 in font [lmroman10-regular]:mapping=tex-text;!
Missing character: There is no 助 in font [lmroman10-regular]:mapping=tex-text;!
Missing character: There is no 。 in font [lmroman10-regular]:mapping=tex-text;!
Missing character: There is no 謝 in font [lmroman10-regular]:mapping=tex-text;!
Missing character: There is no 謝 in font [lmroman10-regular]:mapping=tex-text;!
Missing character: There is no 實 in font [lmroman10-regular]:mapping=tex-text;!
Missing character: There is no 驗 in font [lmroman10-regular]:mapping=tex-text;!
Missing character: There is no 室 in font [lmroman10-regular]:mapping=tex-text;!
Missing character: There is no 的 in font [lmroman10-regular]:mapping=tex-text;!
Missing character: There is no 大 in font [lmroman10-regular]:mapping=tex-text;!
Missing character: There is no 家 in font [lmroman10-regular]:mapping=tex-text;!
Missing character: There is no ， in font [lmroman10-regular]:mapping=tex-text;!
Missing character: There is no 在 in font [lmroman10-regular]:mapping=tex-text;!
Missing character: There is no 掙 in font [lmroman10-regular]:mapping=tex-text;!
Missing character: There is no 扎 in font [lmroman10-regular]:mapping=tex-text;!
Missing character: There is no 時 in font [lmroman10-regular]:mapping=tex-text;!
Missing character: There is no 總 in font [lmroman10-regular]:mapping=tex-text;!
Missing character: There is no 有 in font [lmroman10-regular]:mapping=tex-text;!
Missing character: There is no 許 in font [lmroman10-regular]:mapping=tex-text;!
Missing character: There is no 多 in font [lmroman10-regular]:mapping=tex-text;!
Missing character: There is no 援 in font [lmroman10-regular]:mapping=tex-text;!
Missing character: There is no 手 in font [lmroman10-regular]:mapping=tex-text;!
Missing character: There is no 幫 in font [lmroman10-regular]:mapping=tex-text;!
Missing character: There is no 忙 in font [lmroman10-regular]:mapping=tex-text;!
Missing character: There is no 。 in font [lmroman10-regular]:mapping=tex-text;!
Missing character: There is no 貿 in font [lmroman10-regular]:mapping=tex-text;!
Missing character: There is no 昌 in font [lmroman10-regular]:mapping=tex-text;!
Missing character: There is no 智 in font [lmroman10-regular]:mapping=tex-text;!
Missing character: There is no 堯 in font [lmroman10-regular]:mapping=tex-text;!
Missing character: There is no 鈺 in font [lmroman10-regular]:mapping=tex-text;!
Missing character: There is no 琳 in font [lmroman10-regular]:mapping=tex-text;!
Missing character: There is no 飛 in font [lmroman10-regular]:mapping=tex-text;!
Missing character: There is no 揚 in font [lmroman10-regular]:mapping=tex-text;!
Missing character: There is no 海 in font [lmroman10-regular]:mapping=tex-text;!
Missing character: There is no 格 in font [lmroman10-regular]:mapping=tex-text;!
Missing character: There is no 房 in font [lmroman10-regular]:mapping=tex-text;!
Missing character: There is no 的 in font [lmroman10-regular]:mapping=tex-text;!
Missing character: There is no 室 in font [lmroman10-regular]:mapping=tex-text;!
Missing character: There is no 友 in font [lmroman10-regular]:mapping=tex-text;!
Missing character: There is no 們 in font [lmroman10-regular]:mapping=tex-text;!
Missing character: There is no 乃 in font [lmroman10-regular]:mapping=tex-text;!
Missing character: There is no 甄 in font [lmroman10-regular]:mapping=tex-text;!
Missing character: There is no 小 in font [lmroman10-regular]:mapping=tex-text;!
Missing character: There is no 玉 in font [lmroman10-regular]:mapping=tex-text;!
Missing character: There is no 姐 in font [lmroman10-regular]:mapping=tex-text;!
Missing character: There is no 姐 in font [lmroman10-regular]:mapping=tex-text;!
Missing character: There is no ， in font [lmroman10-regular]:mapping=tex-text;!
Missing character: There is no 捎 in font [lmroman10-regular]:mapping=tex-text;!
Missing character: There is no 來 in font [lmroman10-regular]:mapping=tex-text;!
Missing character: There is no 關 in font [lmroman10-regular]:mapping=tex-text;!
Missing character: There is no 心 in font [lmroman10-regular]:mapping=tex-text;!
Missing character: There is no 慧 in font [lmroman10-regular]:mapping=tex-text;!
Missing character: There is no 宇 in font [lmroman10-regular]:mapping=tex-text;!
Missing character: There is no 殷 in font [lmroman10-regular]:mapping=tex-text;!
Missing character: There is no 綮 in font [lmroman10-regular]:mapping=tex-text;!
Missing character: There is no 姿 in font [lmroman10-regular]:mapping=tex-text;!
Missing character: There is no 妤 in font [lmroman10-regular]:mapping=tex-text;!
Missing character: There is no 學 in font [lmroman10-regular]:mapping=tex-text;!
Missing character: There is no 姊 in font [lmroman10-regular]:mapping=tex-text;!
Missing character: There is no 冠 in font [lmroman10-regular]:mapping=tex-text;!
Missing character: There is no 鳴 in font [lmroman10-regular]:mapping=tex-text;!

/Users/mac/Documents/GitHub/thesis_latex/Metachapters/Thanks.tex:17: LaTeX Error: The font size command \normalsize is not defined:
               there is probably something wrong with the class file.

See the LaTeX manual or LaTeX Companion for explanation.
Type  H <return>  for immediate help.
 ...                                              
                                                  
l.17 \end{document}
                   
Your command was ignored.
Type  I <command> <return>  to replace it with another command,
or  <return>  to continue without it.

[1] (./Thanks.aux) ) 
Here is how much of TeX's memory you used:
 203 strings out of 479418
 5770 string characters out of 5884584
 246340 words of memory out of 5000000
 17810 multiletter control sequences out of 15000+600000
 532346 words of font info for 25 fonts, out of 8000000 for 9000
 1348 hyphenation exceptions out of 8191
 17i,4n,19p,222b,66s stack positions out of 5000i,500n,10000p,200000b,80000s

Output written on Thanks.pdf (1 page).
